c:\users\jgarne200\desktop\programming 1 coursework\programming 1 coursework\debug\vc120.pdb
c:\users\jgarne200\desktop\programming 1 coursework\programming 1 coursework\debug\vc120.idb
c:\users\jgarne200\desktop\programming 1 coursework\programming 1 coursework\debug\cbkground.obj
c:\users\jgarne200\desktop\programming 1 coursework\programming 1 coursework\debug\cbutton.obj
c:\users\jgarne200\desktop\programming 1 coursework\programming 1 coursework\debug\cfilehandler.obj
c:\users\jgarne200\desktop\programming 1 coursework\programming 1 coursework\debug\cfont.obj
c:\users\jgarne200\desktop\programming 1 coursework\programming 1 coursework\debug\cfontmgr.obj
c:\users\jgarne200\desktop\programming 1 coursework\programming 1 coursework\debug\cinputmgr.obj
c:\users\jgarne200\desktop\programming 1 coursework\programming 1 coursework\debug\csprite.obj
c:\users\jgarne200\desktop\programming 1 coursework\programming 1 coursework\debug\ctexture.obj
c:\users\jgarne200\desktop\programming 1 coursework\programming 1 coursework\debug\ctile.obj
c:\users\jgarne200\desktop\programming 1 coursework\programming 1 coursework\debug\ctilemap.obj
c:\users\jgarne200\desktop\programming 1 coursework\programming 1 coursework\debug\ctilepicker.obj
c:\users\jgarne200\desktop\programming 1 coursework\programming 1 coursework\debug\cwndmanager.obj
c:\users\jgarne200\desktop\programming 1 coursework\programming 1 coursework\debug\main.obj
c:\users\jgarne200\desktop\programming 1 coursework\programming 1 coursework\debug\mazemaker.obj
c:\users\jgarne200\desktop\programming 1 coursework\programming 1 coursework\debug\windowogl.obj
c:\users\jgarne200\desktop\programming 1 coursework\debug\programming 1 coursework.ilk
c:\users\jgarne200\desktop\programming 1 coursework\debug\programming 1 coursework.exe
c:\users\jgarne200\desktop\programming 1 coursework\debug\programming 1 coursework.pdb
c:\users\jgarne200\desktop\programming 1 coursework\programming 1 coursework\debug\programm.bfa04635.tlog\cl.command.1.tlog
c:\users\jgarne200\desktop\programming 1 coursework\programming 1 coursework\debug\programm.bfa04635.tlog\cl.read.1.tlog
c:\users\jgarne200\desktop\programming 1 coursework\programming 1 coursework\debug\programm.bfa04635.tlog\cl.write.1.tlog
c:\users\jgarne200\desktop\programming 1 coursework\programming 1 coursework\debug\programm.bfa04635.tlog\link.command.1.tlog
c:\users\jgarne200\desktop\programming 1 coursework\programming 1 coursework\debug\programm.bfa04635.tlog\link.read.1.tlog
c:\users\jgarne200\desktop\programming 1 coursework\programming 1 coursework\debug\programm.bfa04635.tlog\link.write.1.tlog
